[2024-01-28 18:46:41] This is codeql database index-files --include-extension=.xml --include-extension=.wsdd --size-limit 10m --language xml -- /home/disna/ctf-files/rwctf2024/protected/Protected-by-Java-SE/fakedb/protected_db
[2024-01-28 18:46:41] Log file was started late.
[2024-01-28 18:46:41] Using index-files script /usr/local/codeql/xml/tools/index-files.sh.
[2024-01-28 18:46:41] [PROGRESS] database index-files> Scanning for files in /home/disna/ctf-files/rwctf2024/protected/Protected-by-Java-SE/fakedb/protected...
[2024-01-28 18:46:41] Calling plumbing command: codeql resolve files --include-extension=.xml --include-extension=.wsdd --size-limit=10m /home/disna/ctf-files/rwctf2024/protected/Protected-by-Java-SE/fakedb/protected --format=json
[2024-01-28 18:46:41] [PROGRESS] resolve files> Scanning /home/disna/ctf-files/rwctf2024/protected/Protected-by-Java-SE/fakedb/protected...
[2024-01-28 18:46:41] [PROGRESS] resolve files> Scanning /home/disna/ctf-files/rwctf2024/protected/Protected-by-Java-SE/fakedb/protected/src...
[2024-01-28 18:46:41] [PROGRESS] resolve files> Scanning /home/disna/ctf-files/rwctf2024/protected/Protected-by-Java-SE/fakedb/protected/src/main...
[2024-01-28 18:46:41] [PROGRESS] resolve files> Scanning /home/disna/ctf-files/rwctf2024/protected/Protected-by-Java-SE/fakedb/protected/src/main/java...
[2024-01-28 18:46:41] [PROGRESS] resolve files> Scanning /home/disna/ctf-files/rwctf2024/protected/Protected-by-Java-SE/fakedb/protected/src/main/java/com...
[2024-01-28 18:46:41] [PROGRESS] resolve files> Scanning /home/disna/ctf-files/rwctf2024/protected/Protected-by-Java-SE/fakedb/protected/src/main/java/com/disna...
[2024-01-28 18:46:41] [PROGRESS] resolve files> Scanning /home/disna/ctf-files/rwctf2024/protected/Protected-by-Java-SE/fakedb/protected/src/test...
[2024-01-28 18:46:41] [PROGRESS] resolve files> Scanning /home/disna/ctf-files/rwctf2024/protected/Protected-by-Java-SE/fakedb/protected/src/test/java...
[2024-01-28 18:46:41] [PROGRESS] resolve files> Scanning /home/disna/ctf-files/rwctf2024/protected/Protected-by-Java-SE/fakedb/protected/src/test/java/com...
[2024-01-28 18:46:41] [PROGRESS] resolve files> Scanning /home/disna/ctf-files/rwctf2024/protected/Protected-by-Java-SE/fakedb/protected/src/test/java/com/disna...
[2024-01-28 18:46:41] [PROGRESS] resolve files> Scanning /home/disna/ctf-files/rwctf2024/protected/Protected-by-Java-SE/fakedb/protected/target...
[2024-01-28 18:46:41] [PROGRESS] resolve files> Scanning /home/disna/ctf-files/rwctf2024/protected/Protected-by-Java-SE/fakedb/protected/target/generated-sources...
[2024-01-28 18:46:41] [PROGRESS] resolve files> Scanning /home/disna/ctf-files/rwctf2024/protected/Protected-by-Java-SE/fakedb/protected/target/generated-sources/annotations...
[2024-01-28 18:46:41] [PROGRESS] resolve files> Scanning /home/disna/ctf-files/rwctf2024/protected/Protected-by-Java-SE/fakedb/protected/target/maven-archiver...
[2024-01-28 18:46:41] [PROGRESS] resolve files> Scanning /home/disna/ctf-files/rwctf2024/protected/Protected-by-Java-SE/fakedb/protected/target/classes...
[2024-01-28 18:46:41] [PROGRESS] resolve files> Scanning /home/disna/ctf-files/rwctf2024/protected/Protected-by-Java-SE/fakedb/protected/target/classes/com...
[2024-01-28 18:46:41] [PROGRESS] resolve files> Scanning /home/disna/ctf-files/rwctf2024/protected/Protected-by-Java-SE/fakedb/protected/target/classes/com/disna...
[2024-01-28 18:46:41] [PROGRESS] resolve files> Scanning /home/disna/ctf-files/rwctf2024/protected/Protected-by-Java-SE/fakedb/protected/target/maven-status...
[2024-01-28 18:46:41] [PROGRESS] resolve files> Scanning /home/disna/ctf-files/rwctf2024/protected/Protected-by-Java-SE/fakedb/protected/target/maven-status/maven-compiler-plugin...
[2024-01-28 18:46:41] [PROGRESS] resolve files> Scanning /home/disna/ctf-files/rwctf2024/protected/Protected-by-Java-SE/fakedb/protected/target/maven-status/maven-compiler-plugin/compile...
[2024-01-28 18:46:41] [PROGRESS] resolve files> Scanning /home/disna/ctf-files/rwctf2024/protected/Protected-by-Java-SE/fakedb/protected/target/maven-status/maven-compiler-plugin/compile/default-compile...
[2024-01-28 18:46:41] [PROGRESS] resolve files> Scanning /home/disna/ctf-files/rwctf2024/protected/Protected-by-Java-SE/fakedb/protected/target/maven-status/maven-compiler-plugin/testCompile...
[2024-01-28 18:46:41] [PROGRESS] resolve files> Scanning /home/disna/ctf-files/rwctf2024/protected/Protected-by-Java-SE/fakedb/protected/target/maven-status/maven-compiler-plugin/testCompile/default-testCompile...
[2024-01-28 18:46:41] [PROGRESS] resolve files> Scanning /home/disna/ctf-files/rwctf2024/protected/Protected-by-Java-SE/fakedb/protected/target/test-classes...
[2024-01-28 18:46:41] [PROGRESS] resolve files> Scanning /home/disna/ctf-files/rwctf2024/protected/Protected-by-Java-SE/fakedb/protected/target/test-classes/com...
[2024-01-28 18:46:41] [PROGRESS] resolve files> Scanning /home/disna/ctf-files/rwctf2024/protected/Protected-by-Java-SE/fakedb/protected/target/test-classes/com/disna...
[2024-01-28 18:46:41] [PROGRESS] resolve files> Scanning /home/disna/ctf-files/rwctf2024/protected/Protected-by-Java-SE/fakedb/protected/target/generated-test-sources...
[2024-01-28 18:46:41] [PROGRESS] resolve files> Scanning /home/disna/ctf-files/rwctf2024/protected/Protected-by-Java-SE/fakedb/protected/target/generated-test-sources/test-annotations...
[2024-01-28 18:46:41] Plumbing command codeql resolve files completed:
                      [
                        "/home/disna/ctf-files/rwctf2024/protected/Protected-by-Java-SE/fakedb/protected/lol.xml",
                        "/home/disna/ctf-files/rwctf2024/protected/Protected-by-Java-SE/fakedb/protected/pom.xml"
                      ]
[2024-01-28 18:46:41] [DETAILS] database index-files> Found 2 files.
[2024-01-28 18:46:41] [PROGRESS] database index-files> /home/disna/ctf-files/rwctf2024/protected/Protected-by-Java-SE/fakedb/protected_db: Indexing files in in /home/disna/ctf-files/rwctf2024/protected/Protected-by-Java-SE/fakedb/protected...
[2024-01-28 18:46:41] Using index-files script /usr/local/codeql/xml/tools/index-files.sh.
[2024-01-28 18:46:41] [PROGRESS] database index-files> Running command in /home/disna/ctf-files/rwctf2024/protected/Protected-by-Java-SE/fakedb/protected: [/usr/local/codeql/xml/tools/index-files.sh, /home/disna/ctf-files/rwctf2024/protected/Protected-by-Java-SE/fakedb/protected_db/working/files-to-index7807115362547944385.list]
[2024-01-28 18:46:41] Terminating normally.
